[2023/04/04 17:15:08 +07] [DEFAULT] [INFO] (main.main:16) ----------Init logger----------
[2023/04/04 17:15:08 +07] [DEFAULT] [INFO] (eWallet/Init.InitSCB:34) Init package successfully: %!(EXTRA SCB.Config={http://127.0.0.1:9000 TestUser TestPassword TestSecretKey32Character ./BankConfigs/SCB/PrivateKey.pem ./BankConfigs/SCB/PublicKey.pem})
[2023/04/04 17:15:08 +07] [DEFAULT] [INFO] (eWallet/Init.InitMB:50) Init package successfully: %!(EXTRA MB.Config={https://api-sanbox.mbbank.com.vn TestUser TestPassword Bearer Pd4mY5AFLqmHyG9RbfJ2GYqYsYI1iZ0E8kBQFb4lzyW9mIWJ ./BankConfigs/MB/PrivateKey.pem ./BankConfigs/MB/PublicKey.pem OP})
[2023/04/04 17:15:08 +07] [DEFAULT] [INFO] (main.main:20) ----------Start eWallet----------
[2023/04/04 17:15:08 +07] [DEFAULT] [INFO] (eWallet/Banks/MB.MB.Link:56) Link
[2023/04/04 17:16:13 +07] [DEFAULT] [INFO] (main.main:16) ----------Init logger----------
[2023/04/04 17:16:13 +07] [DEFAULT] [INFO] (eWallet/Init.InitSCB:34) Init package successfully: %!(EXTRA SCB.Config={http://127.0.0.1:9000 TestUser TestPassword TestSecretKey32Character ./BankConfigs/SCB/PrivateKey.pem ./BankConfigs/SCB/PublicKey.pem})
[2023/04/04 17:16:13 +07] [DEFAULT] [INFO] (eWallet/Init.InitMB:50) Init package successfully: %!(EXTRA MB.Config={https://api-sanbox.mbbank.com.vn TestUser TestPassword Bearer Pd4mY5AFLqmHyG9RbfJ2GYqYsYI1iZ0E8kBQFb4lzyW9mIWJ ./BankConfigs/MB/PrivateKey.pem ./BankConfigs/MB/PublicKey.pem OP})
[2023/04/04 17:16:13 +07] [DEFAULT] [INFO] (main.main:20) ----------Start eWallet----------
[2023/04/04 17:16:13 +07] [DEFAULT] [INFO] (eWallet/Banks/MB.MB.Link:56) Link
[2023/04/04 17:24:39 +07] [DEFAULT] [INFO] (main.main:16) ----------Init logger----------
[2023/04/04 17:24:39 +07] [DEFAULT] [INFO] (eWallet/Init.InitSCB:34) Init package successfully: %!(EXTRA SCB.Config={http://127.0.0.1:9000 TestUser TestPassword TestSecretKey32Character ./BankConfigs/SCB/PrivateKey.pem ./BankConfigs/SCB/PublicKey.pem})
[2023/04/04 17:24:39 +07] [DEFAULT] [INFO] (eWallet/Init.InitMB:50) Init package successfully: %!(EXTRA MB.Config={https://api-sanbox.mbbank.com.vn TestUser TestPassword Bearer Pd4mY5AFLqmHyG9RbfJ2GYqYsYI1iZ0E8kBQFb4lzyW9mIWJ ./BankConfigs/MB/PrivateKey.pem ./BankConfigs/MB/PublicKey.pem OP})
[2023/04/04 17:24:39 +07] [DEFAULT] [INFO] (main.main:20) ----------Start eWallet----------
[2023/04/04 17:24:39 +07] [DEFAULT] [INFO] (eWallet/Banks/MB.MB.Link:56) Link
[2023/04/04 17:25:47 +07] [DEFAULT] [INFO] (main.main:16) ----------Init logger----------
[2023/04/04 17:25:47 +07] [DEFAULT] [INFO] (eWallet/Init.InitSCB:34) Init package successfully: %!(EXTRA SCB.Config={http://127.0.0.1:9000 TestUser TestPassword TestSecretKey32Character ./BankConfigs/SCB/PrivateKey.pem ./BankConfigs/SCB/PublicKey.pem})
[2023/04/04 17:25:47 +07] [DEFAULT] [INFO] (eWallet/Init.InitMB:50) Init package successfully: %!(EXTRA MB.Config={https://api-sanbox.mbbank.com.vn TestUser TestPassword Bearer Pd4mY5AFLqmHyG9RbfJ2GYqYsYI1iZ0E8kBQFb4lzyW9mIWJ ./BankConfigs/MB/PrivateKey.pem ./BankConfigs/MB/PublicKey.pem OP})
[2023/04/04 17:25:47 +07] [DEFAULT] [INFO] (main.main:20) ----------Start eWallet----------
[2023/04/04 17:25:47 +07] [DEFAULT] [INFO] (eWallet/Banks/MB.MB.Link:56) Link
[2023/04/04 17:28:15 +07] [DEFAULT] [INFO] (main.main:16) ----------Init logger----------
[2023/04/04 17:28:15 +07] [DEFAULT] [INFO] (eWallet/Init.InitSCB:34) Init package successfully: %!(EXTRA SCB.Config={http://127.0.0.1:9000 TestUser TestPassword TestSecretKey32Character ./BankConfigs/SCB/PrivateKey.pem ./BankConfigs/SCB/PublicKey.pem})
[2023/04/04 17:28:15 +07] [DEFAULT] [INFO] (eWallet/Init.InitMB:50) Init package successfully: %!(EXTRA MB.Config={https://api-sanbox.mbbank.com.vn TestUser TestPassword Bearer Pd4mY5AFLqmHyG9RbfJ2GYqYsYI1iZ0E8kBQFb4lzyW9mIWJ ./BankConfigs/MB/PrivateKey.pem ./BankConfigs/MB/PublicKey.pem OP})
[2023/04/04 17:28:15 +07] [DEFAULT] [INFO] (main.main:20) ----------Start eWallet----------
[2023/04/04 17:28:15 +07] [DEFAULT] [INFO] (eWallet/Banks/MB.MB.Link:56) Link
[2023/04/04 17:56:22 +07] [DEFAULT] [INFO] (main.main:16) ----------Init logger----------
[2023/04/04 17:56:22 +07] [DEFAULT] [INFO] (eWallet/Init.InitSCB:34) Init package successfully: %!(EXTRA SCB.Config={http://127.0.0.1:9000 TestUser TestPassword TestSecretKey32Character ./BankConfigs/SCB/PrivateKey.pem ./BankConfigs/SCB/PublicKey.pem})
[2023/04/04 17:56:22 +07] [DEFAULT] [INFO] (eWallet/Init.InitMB:50) Init package successfully: %!(EXTRA MB.Config={https://api-sanbox.mbbank.com.vn TestUser TestPassword Bearer Pd4mY5AFLqmHyG9RbfJ2GYqYsYI1iZ0E8kBQFb4lzyW9mIWJ ./BankConfigs/MB/PrivateKey.pem ./BankConfigs/MB/PublicKey.pem OP})
[2023/04/04 17:56:22 +07] [DEFAULT] [INFO] (main.main:20) ----------Start eWallet----------
[2023/04/04 17:56:22 +07] [DEFAULT] [INFO] (eWallet/Banks/MB.MB.Link:56) Link
[2023/04/04 18:01:37 +07] [DEFAULT] [INFO] (main.main:16) ----------Init logger----------
[2023/04/04 18:01:37 +07] [DEFAULT] [INFO] (eWallet/Init.InitSCB:34) Init package successfully: %!(EXTRA SCB.Config={http://127.0.0.1:9000 TestUser TestPassword TestSecretKey32Character ./BankConfigs/SCB/PrivateKey.pem ./BankConfigs/SCB/PublicKey.pem})
[2023/04/04 18:01:37 +07] [DEFAULT] [INFO] (eWallet/Init.InitMB:50) Init package successfully: %!(EXTRA MB.Config={https://api-sanbox.mbbank.com.vn TestUser TestPassword Bearer Pd4mY5AFLqmHyG9RbfJ2GYqYsYI1iZ0E8kBQFb4lzyW9mIWJ ./BankConfigs/MB/PrivateKey.pem ./BankConfigs/MB/PublicKey.pem OP})
[2023/04/04 18:01:37 +07] [DEFAULT] [INFO] (main.main:20) ----------Start eWallet----------
[2023/04/04 18:01:37 +07] [DEFAULT] [INFO] (eWallet/Banks/MB.MB.Link:56) Link
[2023/04/04 18:07:30 +07] [DEFAULT] [EROR] (eWallet/Banks/MB.DoRequest:223) Do client request error
[2023/04/04 18:08:04 +07] [DEFAULT] [INFO] (main.main:16) ----------Init logger----------
[2023/04/04 18:08:04 +07] [DEFAULT] [INFO] (eWallet/Init.InitSCB:34) Init package successfully: %!(EXTRA SCB.Config={http://127.0.0.1:9000 TestUser TestPassword TestSecretKey32Character ./BankConfigs/SCB/PrivateKey.pem ./BankConfigs/SCB/PublicKey.pem})
[2023/04/04 18:08:04 +07] [DEFAULT] [INFO] (eWallet/Init.InitMB:50) Init package successfully: %!(EXTRA MB.Config={https://api-sanbox.mbbank.com.vn TestUser TestPassword Bearer Pd4mY5AFLqmHyG9RbfJ2GYqYsYI1iZ0E8kBQFb4lzyW9mIWJ ./BankConfigs/MB/PrivateKey.pem ./BankConfigs/MB/PublicKey.pem OP})
[2023/04/04 18:08:04 +07] [DEFAULT] [INFO] (main.main:20) ----------Start eWallet----------
[2023/04/04 18:08:04 +07] [DEFAULT] [INFO] (eWallet/Banks/MB.MB.Link:56) Link
[2023/04/04 18:08:04 +07] [DEFAULT] [EROR] (eWallet/Banks/MB.DoRequest:223) Do client request error%!(EXTRA string=Post "https://api-sanbox.mbbank.com.vn/ms-ewallet-partner/v1.1/link/request": dial tcp: lookup api-sanbox.mbbank.com.vn: no such host)
[2023/04/04 18:10:51 +07] [DEFAULT] [INFO] (main.main:16) ----------Init logger----------
[2023/04/04 18:10:51 +07] [DEFAULT] [INFO] (eWallet/Init.InitSCB:34) Init package successfully: %!(EXTRA SCB.Config={http://127.0.0.1:9000 TestUser TestPassword TestSecretKey32Character ./BankConfigs/SCB/PrivateKey.pem ./BankConfigs/SCB/PublicKey.pem})
[2023/04/04 18:10:51 +07] [DEFAULT] [INFO] (eWallet/Init.InitMB:50) Init package successfully: %!(EXTRA MB.Config={https://api-sandbox.mbbank.com.vn TestUser TestPassword Bearer Pd4mY5AFLqmHyG9RbfJ2GYqYsYI1iZ0E8kBQFb4lzyW9mIWJ ./BankConfigs/MB/PrivateKey.pem ./BankConfigs/MB/PublicKey.pem OP})
[2023/04/04 18:10:51 +07] [DEFAULT] [INFO] (main.main:20) ----------Start eWallet----------
[2023/04/04 18:10:51 +07] [DEFAULT] [INFO] (eWallet/Banks/MB.MB.Link:56) Link
[2023/04/04 18:10:53 +07] [DEFAULT] [EROR] (eWallet/Banks/MB.MB.Link:82) Unmarshal response body error: %!(EXTRA string=invalid character ',' looking for beginning of value)
[2023/04/04 18:14:54 +07] [DEFAULT] [INFO] (main.main:16) ----------Init logger----------
[2023/04/04 18:14:54 +07] [DEFAULT] [INFO] (eWallet/Init.InitSCB:34) Init package successfully: %!(EXTRA SCB.Config={http://127.0.0.1:9000 TestUser TestPassword TestSecretKey32Character ./BankConfigs/SCB/PrivateKey.pem ./BankConfigs/SCB/PublicKey.pem})
[2023/04/04 18:14:54 +07] [DEFAULT] [INFO] (eWallet/Init.InitMB:50) Init package successfully: %!(EXTRA MB.Config={https://api-sandbox.mbbank.com.vn TestUser TestPassword Bearer Pd4mY5AFLqmHyG9RbfJ2GYqYsYI1iZ0E8kBQFb4lzyW9mIWJ ./BankConfigs/MB/PrivateKey.pem ./BankConfigs/MB/PublicKey.pem OP})
[2023/04/04 18:14:54 +07] [DEFAULT] [INFO] (main.main:20) ----------Start eWallet----------
[2023/04/04 18:14:54 +07] [DEFAULT] [INFO] (eWallet/Banks/MB.MB.Link:56) Link
[2023/04/04 18:15:05 +07] [DEFAULT] [EROR] (eWallet/Banks/MB.MB.Link:82) Unmarshal response body error: %!(EXTRA string=invalid character ',' looking for beginning of value)
[2023/04/04 18:15:20 +07] [DEFAULT] [INFO] (main.main:16) ----------Init logger----------
[2023/04/04 18:15:20 +07] [DEFAULT] [INFO] (eWallet/Init.InitSCB:34) Init package successfully: %!(EXTRA SCB.Config={http://127.0.0.1:9000 TestUser TestPassword TestSecretKey32Character ./BankConfigs/SCB/PrivateKey.pem ./BankConfigs/SCB/PublicKey.pem})
[2023/04/04 18:15:20 +07] [DEFAULT] [INFO] (eWallet/Init.InitMB:50) Init package successfully: %!(EXTRA MB.Config={https://api-sandbox.mbbank.com.vn TestUser TestPassword Bearer Pd4mY5AFLqmHyG9RbfJ2GYqYsYI1iZ0E8kBQFb4lzyW9mIWJ ./BankConfigs/MB/PrivateKey.pem ./BankConfigs/MB/PublicKey.pem OP})
[2023/04/04 18:15:20 +07] [DEFAULT] [INFO] (main.main:20) ----------Start eWallet----------
[2023/04/04 18:15:20 +07] [DEFAULT] [INFO] (eWallet/Banks/MB.MB.Link:56) Link
[2023/04/04 18:16:02 +07] [DEFAULT] [INFO] (main.main:16) ----------Init logger----------
[2023/04/04 18:16:02 +07] [DEFAULT] [INFO] (eWallet/Init.InitSCB:34) Init package successfully: %!(EXTRA SCB.Config={http://127.0.0.1:9000 TestUser TestPassword TestSecretKey32Character ./BankConfigs/SCB/PrivateKey.pem ./BankConfigs/SCB/PublicKey.pem})
[2023/04/04 18:16:02 +07] [DEFAULT] [INFO] (eWallet/Init.InitMB:50) Init package successfully: %!(EXTRA MB.Config={https://api-sandbox.mbbank.com.vn TestUser TestPassword Bearer Pd4mY5AFLqmHyG9RbfJ2GYqYsYI1iZ0E8kBQFb4lzyW9mIWJ ./BankConfigs/MB/PrivateKey.pem ./BankConfigs/MB/PublicKey.pem OP})
[2023/04/04 18:16:02 +07] [DEFAULT] [INFO] (main.main:20) ----------Start eWallet----------
[2023/04/04 18:16:02 +07] [DEFAULT] [INFO] (eWallet/Banks/MB.MB.Link:56) Link
